start: disk usage on /l:
+ df -h /l
Filesystem      Size  Used Avail Use% Mounted on
/dev/nvme0n1p1  880G  374G  461G  45% /
+ export ANT_HOME=/usr/local/src/apache-ant-1.9.5
+ ANT_HOME=/usr/local/src/apache-ant-1.9.5
+ export JAVA_HOME=/usr/lib/jvm/java-25-openjdk
+ JAVA_HOME=/usr/lib/jvm/java-25-openjdk
+ export GRADLE_HOME=/usr/local/src/gradle-2.9
+ GRADLE_HOME=/usr/local/src/gradle-2.9
+ export PATH=/usr/local/src/apache-ant-1.9.5/bin:/usr/lib/jvm/java-25-openjdk/bin:/usr/local/src/gradle-2.9/bin:/usr/local/sbin:/usr/local/bin:/usr/sbin:/usr/bin:/sbin:/bin:/usr/games
+ PATH=/usr/local/src/apache-ant-1.9.5/bin:/usr/lib/jvm/java-25-openjdk/bin:/usr/local/src/gradle-2.9/bin:/usr/local/sbin:/usr/local/bin:/usr/sbin:/usr/bin:/sbin:/bin:/usr/games
++ date
+ echo -e '\n\nMon Jun  1 08:35:30 AM EDT 2026: now start nightly benchmarks'


Mon Jun  1 08:35:30 AM EDT 2026: now start nightly benchmarks
+ pkill java
+ true
+ pkill mencoder
+ true
+ cd /l/trunk.nightly/lucene
+ git checkout main
Already on 'main'
Your branch is up to date with 'origin/main'.
+ git pull origin main
From https://gitbox.apache.org/repos/asf/lucene
 * branch                    main       -> FETCH_HEAD
Already up to date.
+ ../gradlew clean

ERROR: JAVA_HOME is set to an invalid directory: /usr/lib/jvm/java-25-openjdk

Please set the JAVA_HOME variable in your environment to match the
location of your Java installation.

+ cp /l/logs.nightly/all.log /l/reports.nightly
